<?xml version="1.0" encoding="UTF-8"?>
<!-- Generated by org.testng.reporters.JUnitReportReporter -->
<testsuite skipped="0" hostname="Anil" name="testCases.TestReadJson" tests="2" failures="0" timestamp="25 Dec 2020 11:36:05 GMT" time="0.016" errors="0">
  <testcase name="testJson" time="0.016" classname="testCases.TestReadJson"/>
  <testcase name="testJson1" time="0.000" classname="testCases.TestReadJson"/>
</testsuite> <!-- testCases.TestReadJson -->
