<?xml version="1.0" encoding="UTF-8"?>
<!-- Generated by org.testng.reporters.JUnitReportReporter -->
<testsuite skipped="0" hostname="Anil" name="testCases.ReadJsonXml" tests="1" failures="0" timestamp="10 Nov 2018 12:24:06 GMT" time="0.021" errors="0">
  <testcase name="testFile" time="0.021" classname="testCases.ReadJsonXml"/>
</testsuite> <!-- testCases.ReadJsonXml -->
