<?xml version="1.0" encoding="UTF-8"?>
<!-- Generated by org.testng.reporters.JUnitReportReporter -->
<testsuite skipped="0" hostname="Anil" name="testCases.TestGetResponse" tests="8" failures="0" timestamp="14 Jul 2021 03:12:02 GMT" time="8.616" errors="0">
  <testcase name="testGet" time="8.568" classname="testCases.TestGetResponse"/>
  <testcase name="verifyActivity" time="0.000" classname="testCases.TestGetResponse"/>
  <testcase name="verifyType" time="0.000" classname="testCases.TestGetResponse"/>
  <testcase name="verifyParticipants" time="0.017" classname="testCases.TestGetResponse"/>
  <testcase name="verifyPrice" time="0.000" classname="testCases.TestGetResponse"/>
  <testcase name="verifyLink" time="0.031" classname="testCases.TestGetResponse"/>
  <testcase name="verifyKey" time="0.000" classname="testCases.TestGetResponse"/>
  <testcase name="verifyAccessibility" time="0.000" classname="testCases.TestGetResponse"/>
</testsuite> <!-- testCases.TestGetResponse -->
