<?xml version="1.0" encoding="UTF-8"?>
<!-- Generated by org.testng.reporters.JUnitReportReporter -->
<testsuite skipped="0" hostname="Anil" name="testCases.PostAndVerify" tests="1" failures="0" timestamp="23 Feb 2020 13:08:29 GMT" time="6.080" errors="0">
  <testcase name="testGet" time="6.080" classname="testCases.PostAndVerify"/>
</testsuite> <!-- testCases.PostAndVerify -->
