<?xml version="1.0" encoding="UTF-8"?>
<!-- Generated by org.testng.reporters.JUnitReportReporter -->
<testsuite skipped="0" hostname="Anil" name="testCases.TestForGetMethod" tests="1" failures="0" timestamp="09 Nov 2018 14:41:15 GMT" time="2.839" errors="0">
  <testcase name="testGet" time="2.839" classname="testCases.TestForGetMethod"/>
</testsuite> <!-- testCases.TestForGetMethod -->
